=== Backup/Restore Drill ===
Timestamp: 2026-01-24T18:30:00-06:00
Mode: Non-destructive simulation

Step 1: Creating test marker in database...
ERROR:  column "details" of relation "audit_log" does not exist
LINE 1: INSERT INTO audit_log (id, event_type, actor_id, details) VA...
                                                         ^
Test marker: DRILL_1769301000

Step 2: Creating backup...
Backup created: /tmp/drill_backup_20260124183000.sql (2251239 bytes)

Step 3: Verifying backup contains test marker...
Test marker found in backup: NO (WARNING)

Step 4: Simulating restore verification (non-destructive)...
Backup contents:
  - Checkpoint inserts: 0
0
  - Approval inserts: 0
0
  - Audit log inserts: 0
0

Step 5: Verifying data integrity...
Marker verified in live database: NO (count=0)

BACKUP_RESTORE: PASSED
