=== Queue Worker Smoke Test ===
Timestamp: 2026-01-24T17:44:45-06:00

Checking queue tables...
NOTICE:  relation "task_queue" already exists, skipping
NOTICE:  relation "dead_letter_queue" already exists, skipping
NOTICE:  relation "idx_task_queue_pending" already exists, skipping
NOTICE:  relation "idx_task_queue_status" already exists, skipping
CREATE TABLE
CREATE TABLE
CREATE INDEX
CREATE INDEX
Queue tables created or already exist

Testing queue operations...
INSERT 0 1
SKIP LOCKED claim: SUCCESS (id=496ccc77-2a50-44c6-91a4-e2c79c2c6f19UPDATE1)
ERROR:  invalid input syntax for type uuid: "496ccc77-2a50-44c6-91a4-e2c79c2c6f19UPDATE1"
LINE 1: ...TE task_queue SET status = 'completed' WHERE id = '496ccc77-...
                                                             ^

Testing retry backoff (30s * 2^attempt)...
  Attempt 0: 30s backoff
  Attempt 1: 60s backoff
  Attempt 2: 120s backoff

QUEUE_WORKER_SMOKE: PASSED
